<?xml version="1.0" encoding="UTF-8"?>
<!-- Generated by org.testng.reporters.JUnitXMLReporter -->
<testsuite hostname="Nikolay-PC" name="Command line test" tests="5" failures="0" timestamp="19 Sep 2016 00:27:31 GMT" time="158.62" errors="0">
  <testcase name="checkInvalidMailWarning" time="23.032" classname="bg.abv.Testcases.InvalidReceiverMailTest"/>
  <testcase name="checkNoReceiverMessage" time="19.802" classname="bg.abv.Testcases.MissingReceiverTest"/>
  <testcase name="checkSendingNoTheme" time="27.946" classname="bg.abv.Testcases.MissingThemeTest"/>
  <testcase name="checkSendingMultipleReceivers" time="43.175" classname="bg.abv.Testcases.MultipleReceiversTest"/>
  <testcase name="checkSendingValidMail" time="44.628" classname="bg.abv.Testcases.ValidMailSendingTest"/>
</testsuite> <!-- Command line test -->
