<?xml version="1.0" encoding="UTF-8"?>
<testng-results skipped="0" failed="0" total="1" passed="1">
  <reporter-output>
  </reporter-output>
  <suite name="Command line suite" duration-ms="54" started-at="2016-09-15T15:19:07Z" finished-at="2016-09-15T15:19:07Z">
    <groups>
    </groups>
    <test name="Command line test" duration-ms="54" started-at="2016-09-15T15:19:07Z" finished-at="2016-09-15T15:19:07Z">
      <class name="bg.abv.Pages.HelloTest">
        <test-method status="PASS" signature="hello()[pri:0, instance:bg.abv.Pages.HelloTest@1adae5d]" name="hello" duration-ms="22" started-at="2016-09-15T18:19:07Z" finished-at="2016-09-15T18:19:07Z">
          <reporter-output>
          </reporter-output>
        </test-method> <!-- hello -->
      </class> <!-- bg.abv.Pages.HelloTest -->
    </test> <!-- Command line test -->
  </suite> <!-- Command line suite -->
</testng-results>
